<?xml version="1.0" encoding="UTF-8"?>
<testsuite name="Calculadora.AppTest" tests="5" skipped="0" failures="0" errors="0" timestamp="2023-08-18T00:27:05" hostname="LAB-04-12" time="0.004">
  <properties/>
  <testcase name="testDivisaoPorZero" classname="Calculadora.AppTest" time="0.003"/>
  <testcase name="testaMultiplicar" classname="Calculadora.AppTest" time="0.0"/>
  <testcase name="testDividir" classname="Calculadora.AppTest" time="0.0"/>
  <testcase name="testaSubtrair" classname="Calculadora.AppTest" time="0.0"/>
  <testcase name="testaSomar" classname="Calculadora.AppTest" time="0.0"/>
  <system-out><![CDATA[]]></system-out>
  <system-err><![CDATA[]]></system-err>
</testsuite>
